{"item": "graphing tablet", "user": 523, "date": "2023-09-30T23:06:32Z"}
{"item": "power strip", "user": 859, "date": "2023-09-30T23:06:32Z"}
{"item": "gaming console", "user": 141, "date": "2023-09-30T23:06:32Z"}
{"item": "barometric pressure sensor", "user": 312, "date": "2023-09-30T23:06:32Z"}
{"item": "digital camera", "user": 817, "date": "2023-09-30T23:06:32Z"}
{"item": "smart plug", "user": 291, "date": "2023-09-30T23:06:32Z"}
{"item": "robotic software", "user": 770, "date": "2023-09-30T23:06:32Z"}
{"item": "voice recorder", "user": 572, "date": "2023-09-30T23:06:32Z"}
{"item": "smart gloves", "user": 121, "date": "2023-09-30T23:06:32Z"}
{"item": "smartwatch", "user": 702, "date": "2023-09-30T23:06:32Z"}
{"item": "webcam", "user": 23, "date": "2023-09-30T23:06:32Z"}
{"item": "drone", "user": 573, "date": "2023-09-30T23:06:32Z"}
{"item": "fitness tracker", "user": 284, "date": "2023-09-30T23:06:32Z"}
{"item": "video doorbell", "user": 528, "date": "2023-09-30T23:06:32Z"}
{"item": "barcode printer", "user": 843, "date": "2023-09-30T23:06:32Z"}
{"item": "cord organizer", "user": 837, "date": "2023-09-30T23:06:32Z"}
{"item": "computer case", "user": 89, "date": "2023-09-30T23:06:32Z"}
{"item": "headphones", "user": 540, "date": "2023-09-30T23:06:32Z"}
{"item": "e-ink display", "user": 237, "date": "2023-09-30T23:06:32Z"}
{"item": "hard disk drive", "user": 149, "date": "2023-09-30T23:06:32Z"}
{"item": "wireless earbuds", "user": 731, "date": "2023-09-30T23:06:32Z"}
{"item": "solid-state drive", "user": 476, "date": "2023-09-30T23:06:32Z"}
{"item": "handheld scanner", "user": 875, "date": "2023-09-30T23:06:32Z"}
{"item": "gaming mouse", "user": 278, "date": "2023-09-30T23:06:32Z"}
{"item": "VR headset", "user": 24, "date": "2023-09-30T23:06:32Z"}
{"item": "smart ring", "user": 640, "date": "2023-09-30T23:06:32Z"}
{"item": "wireless charger", "user": 165, "date": "2023-09-30T23:06:32Z"}
{"item": "CNC machine", "user": 326, "date": "2023-09-30T23:06:32Z"}
{"item": "laptop", "user": 172, "date": "2023-09-30T23:06:32Z"}
{"item": "USB microscope", "user": 665, "date": "2023-09-30T23:06:32Z"}
{"item": "digital oscilloscope", "user": 484, "date": "2023-09-30T23:06:32Z"}
{"item": "GPS device", "user": 667, "date": "2023-09-30T23:06:32Z"}
{"item": "video doorbell", "user": 101, "date": "2023-09-30T23:06:32Z"}
{"item": "power strip", "user": 528, "date": "2023-09-30T23:06:32Z"}
{"item": "USB flash drive", "user": 54, "date": "2023-09-30T23:06:32Z"}
{"item": "robot lawn mower", "user": 91, "date": "2023-09-30T23:06:32Z"}
{"item": "wireless barcode scanner", "user": 995, "date": "2023-09-30T23:06:32Z"}
{"item": "surround sound system", "user": 736, "date": "2023-09-30T23:06:32Z"}
{"item": "smart gloves", "user": 22, "date": "2023-09-30T23:06:32Z"}
{"item": "circuit simulator", "user": 774, "date": "2023-09-30T23:06:32Z"}
{"item": "laser pointer", "user": 772, "date": "2023-09-30T23:06:32Z"}
{"item": "USB-C dock", "user": 337, "date": "2023-09-30T23:06:32Z"}
{"item": "gaming console", "user": 621, "date": "2023-09-30T23:06:32Z"}
{"item": "wireless presenter", "user": 887, "date": "2023-09-30T23:06:32Z"}
{"item": "smartwatch", "user": 754, "date": "2023-09-30T23:06:32Z"}
{"item": "robotic exoskeleton", "user": 627, "date": "2023-09-30T23:06:32Z"}
{"item": "video switcher", "user": 284, "date": "2023-09-30T23:06:32Z"}
{"item": "computer case", "user": 248, "date": "2023-09-30T23:06:32Z"}
{"item": "smart gloves", "user": 130, "date": "2023-09-30T23:06:32Z"}
{"item": "POS system", "user": 543, "date": "2023-09-30T23:06:32Z"}
