{"item": "motion sensor", "user": 82, "date": "2023-09-30T23:28:40Z"}
{"item": "laser pointer", "user": 167, "date": "2023-09-30T23:28:40Z"}
{"item": "portable SSD", "user": 709, "date": "2023-09-30T23:28:40Z"}
{"item": "solar panel", "user": 771, "date": "2023-09-30T23:28:40Z"}
{"item": "universal remote", "user": 552, "date": "2023-09-30T23:28:40Z"}
{"item": "smart lock", "user": 920, "date": "2023-09-30T23:28:40Z"}
{"item": "robotic toy", "user": 791, "date": "2023-09-30T23:28:40Z"}
{"item": "Arduino board", "user": 207, "date": "2023-09-30T23:28:40Z"}
{"item": "USB flash drive", "user": 377, "date": "2023-09-30T23:28:40Z"}
{"item": "digital camera", "user": 197, "date": "2023-09-30T23:28:40Z"}
{"item": "VR treadmill", "user": 885, "date": "2023-09-30T23:28:40Z"}
{"item": "SIM card reader", "user": 25, "date": "2023-09-30T23:28:40Z"}
{"item": "robotic kit", "user": 803, "date": "2023-09-30T23:28:40Z"}
{"item": "laser pointer", "user": 809, "date": "2023-09-30T23:28:40Z"}
{"item": "monitor", "user": 702, "date": "2023-09-30T23:28:40Z"}
{"item": "tablet", "user": 312, "date": "2023-09-30T23:28:40Z"}
{"item": "robot vacuum cleaner", "user": 930, "date": "2023-09-30T23:28:40Z"}
{"item": "gaming headset", "user": 641, "date": "2023-09-30T23:28:40Z"}
{"item": "power strip", "user": 117, "date": "2023-09-30T23:28:40Z"}
{"item": "thermal imaging camera", "user": 671, "date": "2023-09-30T23:28:40Z"}
{"item": "power supply unit", "user": 827, "date": "2023-09-30T23:28:40Z"}
{"item": "robot arm", "user": 340, "date": "2023-09-30T23:28:40Z"}
{"item": "home theater projector", "user": 797, "date": "2023-09-30T23:28:40Z"}
{"item": "HDMI splitter", "user": 609, "date": "2023-09-30T23:28:40Z"}
{"item": "ethernet cable", "user": 105, "date": "2023-09-30T23:28:40Z"}
{"item": "signal generator", "user": 378, "date": "2023-09-30T23:28:40Z"}
{"item": "robotic software", "user": 906, "date": "2023-09-30T23:28:40Z"}
{"item": "signal oscilloscope", "user": 215, "date": "2023-09-30T23:28:40Z"}
{"item": "microcontroller", "user": 836, "date": "2023-09-30T23:28:40Z"}
{"item": "GPS device", "user": 834, "date": "2023-09-30T23:28:40Z"}
{"item": "microcontroller", "user": 172, "date": "2023-09-30T23:28:40Z"}
{"item": "Bluetooth headphones", "user": 959, "date": "2023-09-30T23:28:40Z"}
{"item": "robot lawn mower", "user": 194, "date": "2023-09-30T23:28:40Z"}
{"item": "digital hygrometer", "user": 126, "date": "2023-09-30T23:28:40Z"}
{"item": "soldering iron", "user": 624, "date": "2023-09-30T23:28:40Z"}
{"item": "inkjet printer", "user": 997, "date": "2023-09-30T23:28:40Z"}
{"item": "GoPro camera", "user": 315, "date": "2023-09-30T23:28:40Z"}
{"item": "LED matrix display", "user": 551, "date": "2023-09-30T23:28:40Z"}
{"item": "video switcher", "user": 339, "date": "2023-09-30T23:28:40Z"}
{"item": "LED sign", "user": 803, "date": "2023-09-30T23:28:40Z"}
{"item": "laser printer", "user": 49, "date": "2023-09-30T23:28:40Z"}
{"item": "printer ink", "user": 271, "date": "2023-09-30T23:28:40Z"}
{"item": "Wacom tablet", "user": 830, "date": "2023-09-30T23:28:40Z"}
{"item": "webcam", "user": 419, "date": "2023-09-30T23:28:40Z"}
{"item": "soldering station", "user": 311, "date": "2023-09-30T23:28:40Z"}
{"item": "GoPro camera", "user": 452, "date": "2023-09-30T23:28:40Z"}
{"item": "USB hub", "user": 586, "date": "2023-09-30T23:28:40Z"}
{"item": "tablet", "user": 770, "date": "2023-09-30T23:28:40Z"}
{"item": "solar calculator", "user": 365, "date": "2023-09-30T23:28:40Z"}
{"item": "cord organizer", "user": 510, "date": "2023-09-30T23:28:40Z"}
{"item": "robotic software", "user": 269, "date": "2023-09-30T23:29:17Z"}
{"item": "power supply unit", "user": 162, "date": "2023-09-30T23:29:17Z"}
{"item": "Wacom tablet", "user": 435, "date": "2023-09-30T23:29:17Z"}
{"item": "monitor", "user": 778, "date": "2023-09-30T23:29:17Z"}
{"item": "digital camera", "user": 805, "date": "2023-09-30T23:29:17Z"}
{"item": "monitor", "user": 859, "date": "2023-09-30T23:29:17Z"}
{"item": "barcode scanner", "user": 157, "date": "2023-09-30T23:29:17Z"}
{"item": "RFID reader", "user": 945, "date": "2023-09-30T23:29:17Z"}
{"item": "USB hub", "user": 9, "date": "2023-09-30T23:29:17Z"}
{"item": "USB microphone", "user": 890, "date": "2023-09-30T23:29:17Z"}
{"item": "CNC machine", "user": 518, "date": "2023-09-30T23:29:17Z"}
{"item": "wireless barcode scanner", "user": 324, "date": "2023-09-30T23:29:17Z"}
{"item": "wireless presenter", "user": 165, "date": "2023-09-30T23:29:17Z"}
{"item": "POS system", "user": 888, "date": "2023-09-30T23:29:17Z"}
{"item": "robot arm", "user": 357, "date": "2023-09-30T23:29:17Z"}
{"item": "signal oscilloscope", "user": 366, "date": "2023-09-30T23:29:17Z"}
{"item": "GPS device", "user": 979, "date": "2023-09-30T23:29:17Z"}
{"item": "digital oscilloscope", "user": 562, "date": "2023-09-30T23:29:17Z"}
{"item": "wireless barcode scanner", "user": 412, "date": "2023-09-30T23:29:17Z"}
{"item": "robotic prosthetic", "user": 80, "date": "2023-09-30T23:29:17Z"}
{"item": "power supply unit", "user": 624, "date": "2023-09-30T23:29:17Z"}
{"item": "laptop", "user": 419, "date": "2023-09-30T23:29:17Z"}
{"item": "barometric pressure sensor", "user": 288, "date": "2023-09-30T23:29:17Z"}
{"item": "Wacom tablet", "user": 129, "date": "2023-09-30T23:29:17Z"}
{"item": "barcode scanner", "user": 160, "date": "2023-09-30T23:29:17Z"}
{"item": "game controller", "user": 805, "date": "2023-09-30T23:29:17Z"}
{"item": "smart doorbell", "user": 981, "date": "2023-09-30T23:29:17Z"}
{"item": "portable SSD", "user": 103, "date": "2023-09-30T23:29:17Z"}
{"item": "smart doorbell", "user": 71, "date": "2023-09-30T23:29:17Z"}
{"item": "smart doorbell", "user": 592, "date": "2023-09-30T23:29:17Z"}
{"item": "HDMI cable", "user": 857, "date": "2023-09-30T23:29:17Z"}
{"item": "cord organizer", "user": 217, "date": "2023-09-30T23:29:17Z"}
{"item": "USB hub", "user": 639, "date": "2023-09-30T23:29:17Z"}
{"item": "gaming console", "user": 466, "date": "2023-09-30T23:29:17Z"}
{"item": "smart thermostat", "user": 3, "date": "2023-09-30T23:29:17Z"}
{"item": "soldering iron", "user": 585, "date": "2023-09-30T23:29:18Z"}
{"item": "power strip", "user": 203, "date": "2023-09-30T23:29:18Z"}
{"item": "digital hygrometer", "user": 681, "date": "2023-09-30T23:29:18Z"}
{"item": "USB hub", "user": 421, "date": "2023-09-30T23:29:18Z"}
{"item": "cable tester", "user": 167, "date": "2023-09-30T23:29:18Z"}
{"item": "soldering station", "user": 225, "date": "2023-09-30T23:29:18Z"}
{"item": "power strip", "user": 503, "date": "2023-09-30T23:29:18Z"}
{"item": "TV wall mount", "user": 749, "date": "2023-09-30T23:29:18Z"}
{"item": "digital camera", "user": 504, "date": "2023-09-30T23:29:18Z"}
{"item": "Bluetooth headphones", "user": 293, "date": "2023-09-30T23:29:18Z"}
{"item": "SIM card reader", "user": 352, "date": "2023-09-30T23:29:18Z"}
{"item": "signal analyzer", "user": 732, "date": "2023-09-30T23:29:18Z"}
{"item": "microSD card", "user": 671, "date": "2023-09-30T23:29:18Z"}
{"item": "3D printing pen", "user": 280, "date": "2023-09-30T23:29:18Z"}
{"item": "CNC machine", "user": 139, "date": "2023-09-30T23:29:18Z"}
