{"item": "TV wall mount", "user": 408, "date": "2023-09-30T23:28:42Z"}
{"item": "wireless charger", "user": 680, "date": "2023-09-30T23:28:42Z"}
{"item": "power supply unit", "user": 100, "date": "2023-09-30T23:28:42Z"}
{"item": "document camera", "user": 997, "date": "2023-09-30T23:28:42Z"}
{"item": "wireless charger", "user": 520, "date": "2023-09-30T23:28:42Z"}
{"item": "game controller", "user": 585, "date": "2023-09-30T23:28:42Z"}
{"item": "wireless microphone", "user": 836, "date": "2023-09-30T23:28:42Z"}
{"item": "video switcher", "user": 131, "date": "2023-09-30T23:28:42Z"}
{"item": "Wearable fitness tracker", "user": 444, "date": "2023-09-30T23:28:42Z"}
{"item": "e-ink display", "user": 634, "date": "2023-09-30T23:28:42Z"}
{"item": "solar panel", "user": 12, "date": "2023-09-30T23:28:42Z"}
{"item": "bluetooth speaker", "user": 851, "date": "2023-09-30T23:28:42Z"}
{"item": "drone", "user": 668, "date": "2023-09-30T23:28:42Z"}
{"item": "voice amplifier", "user": 521, "date": "2023-09-30T23:28:42Z"}
{"item": "smartwatch", "user": 926, "date": "2023-09-30T23:28:42Z"}
{"item": "drone charger", "user": 101, "date": "2023-09-30T23:28:42Z"}
{"item": "hard disk drive", "user": 944, "date": "2023-09-30T23:28:42Z"}
{"item": "LED sign", "user": 206, "date": "2023-09-30T23:28:42Z"}
{"item": "microSD card", "user": 380, "date": "2023-09-30T23:28:42Z"}
{"item": "smart doorbell", "user": 901, "date": "2023-09-30T23:28:42Z"}
{"item": "action camera", "user": 339, "date": "2023-09-30T23:28:42Z"}
{"item": "wireless mouse", "user": 852, "date": "2023-09-30T23:28:42Z"}
{"item": "robotic software", "user": 152, "date": "2023-09-30T23:28:42Z"}
{"item": "CNC machine", "user": 191, "date": "2023-09-30T23:28:42Z"}
{"item": "signal generator", "user": 399, "date": "2023-09-30T23:28:42Z"}
{"item": "game controller", "user": 199, "date": "2023-09-30T23:28:42Z"}
{"item": "smart thermostat", "user": 624, "date": "2023-09-30T23:28:42Z"}
{"item": "HDMI splitter", "user": 385, "date": "2023-09-30T23:28:42Z"}
{"item": "headphones", "user": 781, "date": "2023-09-30T23:28:42Z"}
{"item": "webcam", "user": 184, "date": "2023-09-30T23:28:42Z"}
{"item": "portable SSD", "user": 810, "date": "2023-09-30T23:28:42Z"}
{"item": "digital camera", "user": 128, "date": "2023-09-30T23:28:42Z"}
{"item": "monitor", "user": 357, "date": "2023-09-30T23:28:42Z"}
{"item": "smart doorbell", "user": 167, "date": "2023-09-30T23:28:42Z"}
{"item": "gaming mouse", "user": 204, "date": "2023-09-30T23:28:42Z"}
{"item": "robotic toy", "user": 750, "date": "2023-09-30T23:28:42Z"}
{"item": "microphone", "user": 708, "date": "2023-09-30T23:28:42Z"}
{"item": "robot vacuum cleaner", "user": 482, "date": "2023-09-30T23:28:42Z"}
{"item": "fitness tracker", "user": 980, "date": "2023-09-30T23:28:42Z"}
{"item": "USB microscope", "user": 652, "date": "2023-09-30T23:28:42Z"}
{"item": "smartwatch", "user": 724, "date": "2023-09-30T23:28:42Z"}
{"item": "solar panel", "user": 43, "date": "2023-09-30T23:28:42Z"}
{"item": "smart gloves", "user": 602, "date": "2023-09-30T23:28:42Z"}
{"item": "digital oscilloscope", "user": 104, "date": "2023-09-30T23:28:42Z"}
{"item": "smart plug", "user": 20, "date": "2023-09-30T23:28:42Z"}
{"item": "external hard drive", "user": 948, "date": "2023-09-30T23:28:42Z"}
{"item": "graphing tablet", "user": 840, "date": "2023-09-30T23:28:42Z"}
{"item": "soldering station", "user": 743, "date": "2023-09-30T23:28:42Z"}
{"item": "HDMI splitter", "user": 488, "date": "2023-09-30T23:28:42Z"}
{"item": "smart lock", "user": 287, "date": "2023-09-30T23:28:42Z"}
{"item": "USB flash drive", "user": 938, "date": "2023-09-30T23:29:19Z"}
{"item": "printer", "user": 694, "date": "2023-09-30T23:29:19Z"}
{"item": "solar panel", "user": 479, "date": "2023-09-30T23:29:19Z"}
{"item": "smart plug", "user": 737, "date": "2023-09-30T23:29:19Z"}
{"item": "printer", "user": 673, "date": "2023-09-30T23:29:19Z"}
{"item": "handheld scanner", "user": 425, "date": "2023-09-30T23:29:19Z"}
{"item": "GoPro camera", "user": 813, "date": "2023-09-30T23:29:19Z"}
{"item": "signal generator", "user": 347, "date": "2023-09-30T23:29:19Z"}
{"item": "power strip", "user": 894, "date": "2023-09-30T23:29:19Z"}
{"item": "Wearable fitness tracker", "user": 41, "date": "2023-09-30T23:29:19Z"}
{"item": "power strip", "user": 749, "date": "2023-09-30T23:29:19Z"}
{"item": "Arduino board", "user": 382, "date": "2023-09-30T23:29:19Z"}
{"item": "portable charger", "user": 941, "date": "2023-09-30T23:29:19Z"}
{"item": "VR headset", "user": 287, "date": "2023-09-30T23:29:19Z"}
{"item": "barcode scanner", "user": 342, "date": "2023-09-30T23:29:19Z"}
{"item": "gaming mouse", "user": 765, "date": "2023-09-30T23:29:19Z"}
{"item": "digital microscope", "user": 390, "date": "2023-09-30T23:29:19Z"}
{"item": "wireless earbuds", "user": 452, "date": "2023-09-30T23:29:19Z"}
{"item": "digital microscope", "user": 534, "date": "2023-09-30T23:29:19Z"}
{"item": "inkjet printer", "user": 83, "date": "2023-09-30T23:29:19Z"}
{"item": "microSD card", "user": 79, "date": "2023-09-30T23:29:19Z"}
{"item": "multimeter", "user": 286, "date": "2023-09-30T23:29:19Z"}
{"item": "USB-C dock", "user": 852, "date": "2023-09-30T23:29:19Z"}
{"item": "POS system", "user": 286, "date": "2023-09-30T23:29:19Z"}
{"item": "RAM", "user": 898, "date": "2023-09-30T23:29:19Z"}
{"item": "power supply unit", "user": 58, "date": "2023-09-30T23:29:19Z"}
{"item": "robotic kit", "user": 554, "date": "2023-09-30T23:29:19Z"}
{"item": "USB flash drive", "user": 89, "date": "2023-09-30T23:29:19Z"}
{"item": "gaming mouse", "user": 528, "date": "2023-09-30T23:29:19Z"}
{"item": "USB hub", "user": 126, "date": "2023-09-30T23:29:19Z"}
{"item": "drone charger", "user": 377, "date": "2023-09-30T23:29:19Z"}
{"item": "solar panel", "user": 256, "date": "2023-09-30T23:29:19Z"}
{"item": "microSD card", "user": 752, "date": "2023-09-30T23:29:19Z"}
{"item": "graphics card", "user": 266, "date": "2023-09-30T23:29:19Z"}
{"item": "external hard drive", "user": 932, "date": "2023-09-30T23:29:19Z"}
{"item": "solar calculator", "user": 650, "date": "2023-09-30T23:29:19Z"}
{"item": "wireless barcode scanner", "user": 131, "date": "2023-09-30T23:29:19Z"}
{"item": "thermal imaging camera", "user": 308, "date": "2023-09-30T23:29:19Z"}
{"item": "wireless keyboard", "user": 792, "date": "2023-09-30T23:29:19Z"}
{"item": "LED matrix display", "user": 258, "date": "2023-09-30T23:29:19Z"}
{"item": "circuit board", "user": 774, "date": "2023-09-30T23:29:19Z"}
{"item": "3D printer", "user": 752, "date": "2023-09-30T23:29:19Z"}
{"item": "3D printing pen", "user": 746, "date": "2023-09-30T23:29:19Z"}
{"item": "e-ink display", "user": 851, "date": "2023-09-30T23:29:19Z"}
{"item": "wireless presenter", "user": 287, "date": "2023-09-30T23:29:19Z"}
{"item": "laptop", "user": 239, "date": "2023-09-30T23:29:19Z"}
{"item": "wireless presenter", "user": 93, "date": "2023-09-30T23:29:19Z"}
{"item": "HDMI cable", "user": 456, "date": "2023-09-30T23:29:19Z"}
{"item": "VR treadmill", "user": 872, "date": "2023-09-30T23:29:19Z"}
{"item": "headphones", "user": 312, "date": "2023-09-30T23:29:19Z"}
