{"item": "monitor", "user": 75, "date": "2023-09-30T23:28:41Z"}
{"item": "robot vacuum cleaner", "user": 940, "date": "2023-09-30T23:28:41Z"}
{"item": "circuit board", "user": 15, "date": "2023-09-30T23:28:41Z"}
{"item": "robotic sensor", "user": 576, "date": "2023-09-30T23:28:41Z"}
{"item": "robotic kit", "user": 58, "date": "2023-09-30T23:28:41Z"}
{"item": "soldering iron", "user": 1000, "date": "2023-09-30T23:28:41Z"}
{"item": "portable charger", "user": 999, "date": "2023-09-30T23:28:41Z"}
{"item": "fitness tracker", "user": 762, "date": "2023-09-30T23:28:41Z"}
{"item": "monitor", "user": 24, "date": "2023-09-30T23:28:41Z"}
{"item": "wireless headphones", "user": 219, "date": "2023-09-30T23:28:41Z"}
{"item": "portable charger", "user": 152, "date": "2023-09-30T23:28:41Z"}
{"item": "Wearable fitness tracker", "user": 458, "date": "2023-09-30T23:28:41Z"}
{"item": "power bank", "user": 608, "date": "2023-09-30T23:28:41Z"}
{"item": "graphics card", "user": 437, "date": "2023-09-30T23:28:41Z"}
{"item": "circuit simulator", "user": 546, "date": "2023-09-30T23:28:41Z"}
{"item": "TV wall mount", "user": 912, "date": "2023-09-30T23:28:41Z"}
{"item": "HDMI splitter", "user": 881, "date": "2023-09-30T23:28:41Z"}
{"item": "robot kit", "user": 114, "date": "2023-09-30T23:28:41Z"}
{"item": "USB microphone", "user": 478, "date": "2023-09-30T23:28:41Z"}
{"item": "smart belt", "user": 393, "date": "2023-09-30T23:28:41Z"}
{"item": "motion sensor", "user": 888, "date": "2023-09-30T23:28:41Z"}
{"item": "printer ink", "user": 287, "date": "2023-09-30T23:28:41Z"}
{"item": "keyboard", "user": 261, "date": "2023-09-30T23:28:41Z"}
{"item": "gaming console", "user": 657, "date": "2023-09-30T23:28:41Z"}
{"item": "wireless presenter", "user": 443, "date": "2023-09-30T23:28:41Z"}
{"item": "laser printer", "user": 758, "date": "2023-09-30T23:28:41Z"}
{"item": "hard disk drive", "user": 344, "date": "2023-09-30T23:28:41Z"}
{"item": "digital camera", "user": 211, "date": "2023-09-30T23:28:41Z"}
{"item": "Bluetooth headphones", "user": 67, "date": "2023-09-30T23:28:41Z"}
{"item": "robotic arm", "user": 786, "date": "2023-09-30T23:28:41Z"}
{"item": "wireless presenter", "user": 937, "date": "2023-09-30T23:28:41Z"}
{"item": "smart bulb", "user": 853, "date": "2023-09-30T23:28:41Z"}
{"item": "electronic scale", "user": 29, "date": "2023-09-30T23:28:41Z"}
{"item": "gaming keyboard", "user": 346, "date": "2023-09-30T23:28:41Z"}
{"item": "RFID tag", "user": 342, "date": "2023-09-30T23:28:41Z"}
{"item": "HDMI splitter", "user": 74, "date": "2023-09-30T23:28:41Z"}
{"item": "webcam", "user": 376, "date": "2023-09-30T23:28:41Z"}
{"item": "digital microscope", "user": 723, "date": "2023-09-30T23:28:41Z"}
{"item": "universal remote", "user": 993, "date": "2023-09-30T23:28:41Z"}
{"item": "wireless microphone", "user": 668, "date": "2023-09-30T23:28:41Z"}
{"item": "Arduino board", "user": 468, "date": "2023-09-30T23:28:41Z"}
{"item": "robot vacuum cleaner", "user": 230, "date": "2023-09-30T23:28:41Z"}
{"item": "smart gloves", "user": 402, "date": "2023-09-30T23:28:41Z"}
{"item": "wireless earbuds", "user": 548, "date": "2023-09-30T23:28:41Z"}
{"item": "smart doorbell", "user": 940, "date": "2023-09-30T23:28:41Z"}
{"item": "inkjet printer", "user": 123, "date": "2023-09-30T23:28:41Z"}
{"item": "laser printer", "user": 797, "date": "2023-09-30T23:28:41Z"}
{"item": "robotic software", "user": 250, "date": "2023-09-30T23:28:41Z"}
{"item": "game controller", "user": 556, "date": "2023-09-30T23:28:41Z"}
{"item": "robot lawn mower", "user": 770, "date": "2023-09-30T23:28:41Z"}
{"item": "video switcher", "user": 894, "date": "2023-09-30T23:29:18Z"}
{"item": "virtual reality headset", "user": 869, "date": "2023-09-30T23:29:18Z"}
{"item": "virtual reality headset", "user": 359, "date": "2023-09-30T23:29:18Z"}
{"item": "wireless mouse", "user": 915, "date": "2023-09-30T23:29:18Z"}
{"item": "smartwatch", "user": 868, "date": "2023-09-30T23:29:18Z"}
{"item": "e-ink display", "user": 516, "date": "2023-09-30T23:29:18Z"}
{"item": "game controller", "user": 335, "date": "2023-09-30T23:29:18Z"}
{"item": "external hard drive", "user": 286, "date": "2023-09-30T23:29:18Z"}
{"item": "LED matrix display", "user": 110, "date": "2023-09-30T23:29:18Z"}
{"item": "USB microphone", "user": 861, "date": "2023-09-30T23:29:18Z"}
{"item": "smart plug", "user": 990, "date": "2023-09-30T23:29:18Z"}
{"item": "portable charger", "user": 394, "date": "2023-09-30T23:29:18Z"}
{"item": "power bank", "user": 161, "date": "2023-09-30T23:29:18Z"}
{"item": "webcam", "user": 177, "date": "2023-09-30T23:29:18Z"}
{"item": "dual monitor stand", "user": 732, "date": "2023-09-30T23:29:18Z"}
{"item": "LED matrix display", "user": 688, "date": "2023-09-30T23:29:18Z"}
{"item": "stylus pen", "user": 731, "date": "2023-09-30T23:29:18Z"}
{"item": "wireless barcode scanner", "user": 884, "date": "2023-09-30T23:29:18Z"}
{"item": "microphone", "user": 743, "date": "2023-09-30T23:29:18Z"}
{"item": "smartwatch", "user": 405, "date": "2023-09-30T23:29:18Z"}
{"item": "wireless microphone", "user": 988, "date": "2023-09-30T23:29:18Z"}
{"item": "electronic scale", "user": 458, "date": "2023-09-30T23:29:18Z"}
{"item": "graphing calculator", "user": 320, "date": "2023-09-30T23:29:18Z"}
{"item": "circuit simulator", "user": 872, "date": "2023-09-30T23:29:18Z"}
{"item": "fitness tracker", "user": 40, "date": "2023-09-30T23:29:18Z"}
{"item": "robot vacuum cleaner", "user": 941, "date": "2023-09-30T23:29:18Z"}
{"item": "Wacom tablet", "user": 297, "date": "2023-09-30T23:29:18Z"}
{"item": "graphics card", "user": 929, "date": "2023-09-30T23:29:18Z"}
{"item": "smartwatch", "user": 539, "date": "2023-09-30T23:29:18Z"}
{"item": "smart lock", "user": 543, "date": "2023-09-30T23:29:18Z"}
{"item": "wireless mouse", "user": 917, "date": "2023-09-30T23:29:18Z"}
{"item": "cable tester", "user": 345, "date": "2023-09-30T23:29:18Z"}
{"item": "printer ink", "user": 975, "date": "2023-09-30T23:29:18Z"}
{"item": "3D printer", "user": 61, "date": "2023-09-30T23:29:18Z"}
{"item": "LED matrix display", "user": 79, "date": "2023-09-30T23:29:18Z"}
{"item": "barcode printer", "user": 388, "date": "2023-09-30T23:29:18Z"}
{"item": "GPS device", "user": 824, "date": "2023-09-30T23:29:18Z"}
{"item": "RAM", "user": 417, "date": "2023-09-30T23:29:18Z"}
{"item": "barcode printer", "user": 940, "date": "2023-09-30T23:29:18Z"}
{"item": "digital microscope", "user": 755, "date": "2023-09-30T23:29:18Z"}
{"item": "VR headset", "user": 18, "date": "2023-09-30T23:29:18Z"}
{"item": "surround sound system", "user": 804, "date": "2023-09-30T23:29:18Z"}
{"item": "LED matrix display", "user": 588, "date": "2023-09-30T23:29:18Z"}
{"item": "gaming mouse", "user": 402, "date": "2023-09-30T23:29:18Z"}
{"item": "laptop", "user": 268, "date": "2023-09-30T23:29:18Z"}
{"item": "virtual reality headset", "user": 1000, "date": "2023-09-30T23:29:18Z"}
{"item": "solid-state drive", "user": 659, "date": "2023-09-30T23:29:18Z"}
{"item": "document camera", "user": 784, "date": "2023-09-30T23:29:18Z"}
{"item": "camera", "user": 529, "date": "2023-09-30T23:29:18Z"}
{"item": "circuit simulator", "user": 194, "date": "2023-09-30T23:29:18Z"}
